<?xml version="1.0" encoding="UTF-8"?>
<!-- Generated by org.testng.reporters.JUnitXMLReporter -->
<testsuite ignored="1" hostname="Thamilu" failures="0" tests="1" name="ErrorValidationsTest" time="7.367" errors="0" timestamp="2025-09-13T21:30:34 IST">
  <testcase classname="rahulShettyAcademy.Tests.ErrorValidationsTest" name="LoginErrorVlidation" time="0.468"/>
  <testcase classname="rahulShettyAcademy.Tests.ErrorValidationsTest" name="ProductErrorValidation" time="0.0">
    <ignored/>
  </testcase> <!-- ProductErrorValidation -->
</testsuite> <!-- ErrorValidationsTest -->
