<?xml version="1.0" encoding="UTF-8"?>
<!-- Generated by org.testng.reporters.JUnitXMLReporter -->
<testsuite ignored="2" hostname="Thamilu" failures="0" tests="0" time="0.012" errors="0" timestamp="2025-09-13T21:30:26 IST">
  <testcase classname="rahulShettyAcademy.Tests.SubmitOrderTest" name="orderHistoryTest" time="0.0">
    <ignored/>
  </testcase> <!-- orderHistoryTest -->
  <testcase classname="rahulShettyAcademy.Tests.SubmitOrderTest" name="ordersubmit" time="0.0">
    <ignored/>
  </testcase> <!-- ordersubmit -->
</testsuite>
